warning: Git tree '/etc/nixos' is dirty
error:
       … while calling the 'seq' builtin
         at /nix/store/8vfhnwmmzqqzy97q9c5m4bzyaqqf63zy-source/lib/modules.nix:361:18:
          360|         options = checked options;
          361|         config = checked (removeAttrs config [ "_module" ]);
             |                  ^
          362|         _module = checked (config._module);

       … while evaluating a branch condition
         at /nix/store/8vfhnwmmzqqzy97q9c5m4bzyaqqf63zy-source/lib/modules.nix:297:9:
          296|       checkUnmatched =
          297|         if config._module.check && config._module.freeformType == null && merged.unmatchedDefns != [ ] then
             |         ^
          298|           let

       (stack trace truncated; use '--show-trace' to show the full, detailed trace)

       error: path '/nix/store/7408n82vyzyn306i1qpppakjavpwki72-source/hosts/pc-raul/configuration.nix' does not exist
warning: could not build a newer version of nixos-rebuild, using current version
building the system configuration...
warning: Git tree '/etc/nixos' is dirty
error:
       … while calling the 'seq' builtin
         at /nix/store/8vfhnwmmzqqzy97q9c5m4bzyaqqf63zy-source/lib/modules.nix:361:18:
          360|         options = checked options;
          361|         config = checked (removeAttrs config [ "_module" ]);
             |                  ^
          362|         _module = checked (config._module);

       … while evaluating a branch condition
         at /nix/store/8vfhnwmmzqqzy97q9c5m4bzyaqqf63zy-source/lib/modules.nix:297:9:
          296|       checkUnmatched =
          297|         if config._module.check && config._module.freeformType == null && merged.unmatchedDefns != [ ] then
             |         ^
          298|           let

       (stack trace truncated; use '--show-trace' to show the full, detailed trace)

       error: path '/nix/store/7408n82vyzyn306i1qpppakjavpwki72-source/hosts/pc-raul/configuration.nix' does not exist
Command 'nix --extra-experimental-features 'nix-command flakes' build --print-out-paths '/etc/nixos#nixosConfigurations."pc-raul".config.system.build.toplevel' --no-link' returned non-zero exit status 1.
